<?xml version="1.0" encoding="UTF-8"?>
<testsuite xmlns:xsi="http://www.w3.org/2001/XMLSchema-instance" xsi:noNamespaceSchemaLocation="https://maven.apache.org/surefire/maven-surefire-plugin/xsd/surefire-test-report-3.0.xsd" version="3.0" name="com.scaler.parking_lot.controllers.ParkingLotControllerTest" time="0.289" tests="7" errors="0" skipped="0" failures="0">
  <properties>
[...]
</properties>
  <testcase name="testGetParkingLotCapacityWithNegativeParkingLotId" classname="com.scaler.parking_lot.controllers.ParkingLotControllerTest" time="0.101"/>
  <testcase name="testGetParkingLotCapacityWithFewSpotsOccupiedAndJust2ndFloor" classname="com.scaler.parking_lot.controllers.ParkingLotControllerTest" time="0.031"/>
  <testcase name="testGetParkingLotCapacityWithFewSpotsOccupied" classname="com.scaler.parking_lot.controllers.ParkingLotControllerTest" time="0.028"/>
  <testcase name="testGetParkingLotCapacityWithFewSpotsOccupiedAndVehicleTypeCarAnd2ndFloor" classname="com.scaler.parking_lot.controllers.ParkingLotControllerTest" time="0.012"/>
  <testcase name="testGetParkingLotCapacityWithInvalidParkingLotId" classname="com.scaler.parking_lot.controllers.ParkingLotControllerTest" time="0.037"/>
  <testcase name="testGetParkingLotCapacityWithNoVehiclesParked" classname="com.scaler.parking_lot.controllers.ParkingLotControllerTest" time="0.02"/>
  <testcase name="testGetParkingLotCapacityWithFewSpotsOccupiedAndVehicleTypeCar" classname="com.scaler.parking_lot.controllers.ParkingLotControllerTest" time="0.011"/>
</testsuite>